<?xml version="1.0" encoding="UTF-8"?>
<testsuite xmlns:xsi="http://www.w3.org/2001/XMLSchema-instance" xsi:noNamespaceSchemaLocation="https://maven.apache.org/surefire/maven-surefire-plugin/xsd/surefire-test-report-3.0.xsd" version="3.0" name="file_manager.tests.DirectoryOperationsTest" time="0.219" tests="8" errors="0" skipped="0" failures="0">
  <properties>
    <property name="java.specification.version" value="23"/>
    <property name="sun.cpu.isalist" value="amd64"/>
    <property name="sun.jnu.encoding" value="Cp1252"/>
    <property name="java.class.path" value="C:\Users\nikpo\Desktop\IU folder\programming folder\java OOP 2\File-Manager-Repo\File-Manager-Repo\file_manager\target\test-classes;C:\Users\nikpo\Desktop\IU folder\programming folder\java OOP 2\File-Manager-Repo\File-Manager-Repo\file_manager\target\classes;C:\Users\nikpo\.m2\repository\junit\junit\4.13.2\junit-4.13.2.jar;C:\Users\nikpo\.m2\repository\org\hamcrest\hamcrest-core\1.3\hamcrest-core-1.3.jar;"/>
    <property name="java.vm.vendor" value="Oracle Corporation"/>
    <property name="sun.arch.data.model" value="64"/>
    <property name="user.variant" value=""/>
    <property name="java.vendor.url" value="https://java.oracle.com/"/>
    <property name="user.timezone" value="Europe/Berlin"/>
    <property name="os.name" value="Windows 11"/>
    <property name="java.vm.specification.version" value="23"/>
    <property name="user.country" value="DE"/>
    <property name="sun.java.launcher" value="SUN_STANDARD"/>
    <property name="sun.boot.library.path" value="C:\Program Files\Java\jdk-23\bin"/>
    <property name="sun.java.command" value="C:\Users\nikpo\AppData\Local\Temp\surefire17007928043118940677\surefirebooter-20250529102729080_3.jar C:\Users\nikpo\AppData\Local\Temp\surefire17007928043118940677 2025-05-29T10-27-28_807-jvmRun1 surefire-20250529102729080_1tmp surefire_0-20250529102729080_2tmp"/>
    <property name="jdk.debug" value="release"/>
    <property name="test" value="file_manager.tests.DirectoryOperationsTest"/>
    <property name="surefire.test.class.path" value="C:\Users\nikpo\Desktop\IU folder\programming folder\java OOP 2\File-Manager-Repo\File-Manager-Repo\file_manager\target\test-classes;C:\Users\nikpo\Desktop\IU folder\programming folder\java OOP 2\File-Manager-Repo\File-Manager-Repo\file_manager\target\classes;C:\Users\nikpo\.m2\repository\junit\junit\4.13.2\junit-4.13.2.jar;C:\Users\nikpo\.m2\repository\org\hamcrest\hamcrest-core\1.3\hamcrest-core-1.3.jar;"/>
    <property name="sun.cpu.endian" value="little"/>
    <property name="user.home" value="C:\Users\nikpo"/>
    <property name="user.language" value="de"/>
    <property name="java.specification.vendor" value="Oracle Corporation"/>
    <property name="java.version.date" value="2024-09-17"/>
    <property name="java.home" value="C:\Program Files\Java\jdk-23"/>
    <property name="file.separator" value="\"/>
    <property name="basedir" value="C:\Users\nikpo\Desktop\IU folder\programming folder\java OOP 2\File-Manager-Repo\File-Manager-Repo\file_manager"/>
    <property name="java.vm.compressedOopsMode" value="Zero based"/>
    <property name="line.separator" value="&#10;"/>
    <property name="java.vm.specification.vendor" value="Oracle Corporation"/>
    <property name="java.specification.name" value="Java Platform API Specification"/>
    <property name="surefire.real.class.path" value="C:\Users\nikpo\AppData\Local\Temp\surefire17007928043118940677\surefirebooter-20250529102729080_3.jar"/>
    <property name="user.script" value=""/>
    <property name="sun.management.compiler" value="HotSpot 64-Bit Tiered Compilers"/>
    <property name="java.runtime.version" value="23+37-2369"/>
    <property name="user.name" value="nikpo"/>
    <property name="stdout.encoding" value="Cp1252"/>
    <property name="path.separator" value=";"/>
    <property name="os.version" value="10.0"/>
    <property name="java.runtime.name" value="Java(TM) SE Runtime Environment"/>
    <property name="file.encoding" value="UTF-8"/>
    <property name="java.vm.name" value="Java HotSpot(TM) 64-Bit Server VM"/>
    <property name="maven.ext.class.path" value="C:\Users\nikpo\.vscode\extensions\oracle.oracle-java-24.0.0\nbcode\java\maven-nblib\netbeans-eventspy.jar"/>
    <property name="localRepository" value="C:\Users\nikpo\.m2\repository"/>
    <property name="java.vendor.url.bug" value="https://bugreport.java.com/bugreport/"/>
    <property name="java.io.tmpdir" value="C:\Users\nikpo\AppData\Local\Temp\"/>
    <property name="java.version" value="23"/>
    <property name="user.dir" value="C:\Users\nikpo\Desktop\IU folder\programming folder\java OOP 2\File-Manager-Repo\File-Manager-Repo\file_manager"/>
    <property name="os.arch" value="amd64"/>
    <property name="java.vm.specification.name" value="Java Virtual Machine Specification"/>
    <property name="sun.os.patch.level" value=""/>
    <property name="native.encoding" value="Cp1252"/>
    <property name="java.library.path" value="C:\Program Files\Java\jdk-23\bin;C:\Windows\Sun\Java\bin;C:\Windows\system32;C:\Windows;C:\Program Files\Common Files\Oracle\Java\javapath;C:\Program Files (x86)\Common Files\Oracle\Java\java8path;C:\Program Files (x86)\Common Files\Oracle\Java\javapath;C:\Windows\system32;C:\Windows;C:\Windows\System32\Wbem;C:\Windows\System32\WindowsPowerShell\v1.0\;C:\Windows\System32\OpenSSH\;C:\Users\nikpo\Desktop\apache-maven-3.9\bin;C:\ProgramData\chocolatey\bin;C:\Users\nikpo\AppData\Roaming\nvm;C:\Program Files\nodejs;C:\Program Files\Java\jdk-23\bin;C:\msys64\mingw64\bin;C:\Program Files\Git\cmd;C:\Program Files\dotnet\;C:\Program Files (x86)\Windows Kits\10\Windows Performance Toolkit\;C:\Program Files\Docker\Docker\resources\bin;C:\Program Files\PowerShell\7\;C:\Users\nikpo\AppData\Local\Programs\Python\Python313\Scripts\;C:\Users\nikpo\AppData\Local\Programs\Python\Python313\;C:\Users\nikpo\AppData\Local\Programs\Python\Launcher\;C:\Users\nikpo\AppData\Local\Packages\PythonSoftwareFoundation.Python.3.12_qbz5n2kfra8p0\LocalCache\local-packages\Python312\Scripts;C:\MinGW\bin;C:\Users\nikpo\AppData\Local\Microsoft\WindowsApps;C:\Users\nikpo\AppData\Local\Programs\Microsoft VS Code\bin;C:\Users\nikpo\AppData\Local\Programs\cursor\resources\app\bin;C:\Program Files\JetBrains\IntelliJ IDEA 2024.2.3\bin;;C:\Users\nikpo\Desktop\apache-maven-3.9.9\bin;C:\Program Files\JetBrains\IntelliJ IDEA Community Edition 2024.2.4\bin;;C:\Users\nikpo\AppData\Roaming\nvm;C:\Program Files\nodejs;C:\Users\nikpo\AppData\Local\Programs\Ollama;C:\Users\nikpo\.dotnet\tools;."/>
    <property name="java.vm.info" value="mixed mode, sharing"/>
    <property name="stderr.encoding" value="Cp1252"/>
    <property name="java.vendor" value="Oracle Corporation"/>
    <property name="java.vm.version" value="23+37-2369"/>
    <property name="sun.io.unicode.encoding" value="UnicodeLittle"/>
    <property name="java.class.version" value="67.0"/>
  </properties>
  <testcase name="testRenameDir" classname="file_manager.tests.DirectoryOperationsTest" time="0.044">
    <system-out><![CDATA[Folder renamed successfully.
]]></system-out>
  </testcase>
  <testcase name="testDelNonEmptyDir" classname="file_manager.tests.DirectoryOperationsTest" time="0.001">
    <system-out><![CDATA[Error: The specified folder does not exist or is not a directory.
]]></system-out>
  </testcase>
  <testcase name="testMoveDirToExisting" classname="file_manager.tests.DirectoryOperationsTest" time="0.006">
    <system-out><![CDATA[Error: The folder you want to move does not exist or is not a directory.
]]></system-out>
  </testcase>
  <testcase name="testRenameDirToExisting" classname="file_manager.tests.DirectoryOperationsTest" time="0.002">
    <system-out><![CDATA[Error: A folder with the new name already exists. Please choose a different name.
]]></system-out>
  </testcase>
  <testcase name="testMoveDir" classname="file_manager.tests.DirectoryOperationsTest" time="0.002">
    <system-out><![CDATA[Folder moved successfully.
]]></system-out>
  </testcase>
  <testcase name="testDelNonExistentDir" classname="file_manager.tests.DirectoryOperationsTest" time="0.005">
    <system-out><![CDATA[Error: The specified folder does not exist or is not a directory.
]]></system-out>
  </testcase>
  <testcase name="testDelEmptyDir" classname="file_manager.tests.DirectoryOperationsTest" time="0.004">
    <system-out><![CDATA[Folder deleted successfully.
]]></system-out>
  </testcase>
  <testcase name="testNewDir" classname="file_manager.tests.DirectoryOperationsTest" time="0.023">
    <system-out><![CDATA[Folder 'testNewDir' created successfully.
A folder with this name already exists. Please choose a different name.
]]></system-out>
  </testcase>
</testsuite>